
**** Build of configuration Debug for project Practica 4 ****

"C:\\ti\\ccsv6\\utils\\bin\\gmake" -k all 
'Building file: ../Practica4_PIH.c'
'Invoking: MSP430 Compiler'
"C:/ti/ccsv6/tools/compiler/ti-cgt-msp430_4.4.4/bin/cl430" -vmspx --abi=coffabi --data_model=restricted --include_path="C:/ti/ccsv6/ccs_base/msp430/include" --include_path="C:/ti/ccsv6/tools/compiler/ti-cgt-msp430_4.4.4/include" --advice:power=all -g --define=__MSP430F5438A__ --diag_warning=225 --display_error_number --diag_wrap=off --silicon_errata=CPU21 --silicon_errata=CPU22 --silicon_errata=CPU23 --silicon_errata=CPU40 --printf_support=minimal --preproc_with_compile --preproc_dependency="Practica4_PIH.pp"  "../Practica4_PIH.c"
"../Practica4_PIH.c", line 78: remark #1535-D: (ULP 8.1) variable "DCORSEL" is used as a constant. Recommend declaring variable as either 'static const' or 'const'
"../Practica4_PIH.c", line 79: remark #1535-D: (ULP 8.1) variable "FLLN" is used as a constant. Recommend declaring variable as either 'static const' or 'const'
"../Practica4_PIH.c", line 141: remark #1527-D: (ULP 2.1) Detected SW delay loop using empty loop. Recommend using a timer module instead
"../Practica4_PIH.c", line 173: warning #225-D: function "sbi" declared implicitly
"../Practica4_PIH.c", line 173: error #20: identifier "UCSR0A" is undefined
"../Practica4_PIH.c", line 174: warning #225-D: function "TxD80" declared implicitly
"../Practica4_PIH.c", line 177: remark #1528-D: (ULP 3.1) Detected flag polling using UCBUSY. Recommend using an interrupt combined with enter LPMx and ISR
"../Practica4_PIH.c", line 160: remark #1544-D: (ULP 13.1) Detected loop counting up. Recommend loops count down as detecting zeros is easier
"../Practica4_PIH.c", line 162: remark #2553-D: (ULP 14.1) Array index (involving "bCount") of type "int". Recommend using "unsigned int"
"../Practica4_PIH.c", line 166: remark #1544-D: (ULP 13.1) Detected loop counting up. Recommend loops count down as detecting zeros is easier
"../Practica4_PIH.c", line 171: remark #1544-D: (ULP 13.1) Detected loop counting up. Recommend loops count down as detecting zeros is easier
"../Practica4_PIH.c", line 190: error #20: identifier "unsinged" is undefined
"../Practica4_PIH.c", line 190: error #66: expected a ";"
"../Practica4_PIH.c", line 194: error #20: identifier "bRxPacketLength" is undefined
"../Practica4_PIH.c", line 194: error #66: expected a ";"
"../Practica4_PIH.c", line 196: error #20: identifier "ulCounter" is undefined
"../Practica4_PIH.c", line 197: error #20: identifier "gbRxBufferReadPointer" is undefined
"../Practica4_PIH.c", line 197: error #20: identifier "gbRxBufferWritePointer" is undefined
"../Practica4_PIH.c", line 206: error #20: identifier "gbpRxBuffer" is undefined
"../Practica4_PIH.c", line 206: error #20: identifier "gbpRxInterruptBuffer" is undefined
"../Practica4_PIH.c", line 210: error #20: identifier "BROADCASTING_ID" is undefined
"../Practica4_PIH.c", line 214: warning #225-D: function "TxDString" declared implicitly
"../Practica4_PIH.c", line 215: error #20: identifier "CLEAR_BUFFER" is undefined
"../Practica4_PIH.c", line 221: error #20: identifier "gbpRxBuffer" is undefined
"../Practica4_PIH.c", line 223: warning #225-D: function "TxDString" declared implicitly
"../Practica4_PIH.c", line 224: error #20: identifier "CLEAR_BUFFER" is undefined
"../Practica4_PIH.c", line 229: warning #225-D: function "TxDString" declared implicitly
"../Practica4_PIH.c", line 230: error #20: identifier "CLEAR_BUFFER" is undefined
"../Practica4_PIH.c", line 235: warning #225-D: function "TxDString" declared implicitly
"../Practica4_PIH.c", line 236: error #20: identifier "CLEAR_BUFFER" is undefined
"../Practica4_PIH.c", line 239: error #20: identifier "bcount" is undefined
"../Practica4_PIH.c", line 244: warning #225-D: function "TxDString" declared implicitly
"../Practica4_PIH.c", line 245: error #20: identifier "CLEAR_BUFFER" is undefined
"../Practica4_PIH.c", line 239: remark #1544-D: (ULP 13.1) Detected loop counting up. Recommend loops count down as detecting zeros is easier
"../Practica4_PIH.c", line 191: remark #1535-D: (ULP 8.1) variable "bChecksum" is used as a constant. Recommend declaring variable as either 'static const' or 'const'
"../Practica4_PIH.c", line 277: remark #1532-D: (ULP 5.3) Detected sprintf() operation(s). Recommend moving them to RAM during run time or not using as these are processing/power intensive
"../Practica4_PIH.c", line 333: remark #1532-D: (ULP 5.3) Detected sprintf() operation(s). Recommend moving them to RAM during run time or not using as these are processing/power intensive
"../Practica4_PIH.c", line 333: remark #1538-D: (ULP 10.1) ISR Port2_ISR calls function sprintf. Recommend moving function call away from ISR, or inlining the function, or using pragmas
"../Practica4_PIH.c", line 334: remark #1538-D: (ULP 10.1) ISR Port2_ISR calls function halLcdPrintLine. Recommend moving function call away from ISR, or inlining the function, or using pragmas
"../Practica4_PIH.c", line 18: remark #1535-D: (ULP 8.1) variable "contraste" is used as a constant. Recommend declaring variable as either 'static const' or 'const'
"../Practica4_PIH.c", line 19: remark #1535-D: (ULP 8.1) variable "iluminacion" is used as a constant. Recommend declaring variable as either 'static const' or 'const'
"../Practica4_PIH.c", line 20: remark #1535-D: (ULP 8.1) variable "textstyle" is used as a constant. Recommend declaring variable as either 'static const' or 'const'
"../Practica4_PIH.c", line 21: remark #1535-D: (ULP 8.1) variable "saludo" is used as a constant. Recommend declaring variable as either 'static const' or 'const'
"../Practica4_PIH.c", line 23: remark #1535-D: (ULP 8.1) variable "borrar" is used as a constant. Recommend declaring variable as either 'static const' or 'const'

18 errors detected in the compilation of "../Practica4_PIH.c".
>> Compilation failure
gmake: *** [Practica4_PIH.obj] Error 1
gmake: Target `all' not remade because of errors.

**** Build Finished ****

**** Build of configuration Debug for project Practica 4 ****

"C:\\ti\\ccsv6\\utils\\bin\\gmake" -k all 
'Building file: ../Practica4_PIH.c'
'Invoking: MSP430 Compiler'
"C:/ti/ccsv6/tools/compiler/ti-cgt-msp430_4.4.4/bin/cl430" -vmspx --abi=coffabi --data_model=restricted --include_path="C:/ti/ccsv6/ccs_base/msp430/include" --include_path="C:/ti/ccsv6/tools/compiler/ti-cgt-msp430_4.4.4/include" --advice:power=all -g --define=__MSP430F5438A__ --diag_warning=225 --display_error_number --diag_wrap=off --silicon_errata=CPU21 --silicon_errata=CPU22 --silicon_errata=CPU23 --silicon_errata=CPU40 --printf_support=minimal --preproc_with_compile --preproc_dependency="Practica4_PIH.pp"  "../Practica4_PIH.c"
"../Practica4_PIH.c", line 9: fatal error #1965: cannot open source file "avr/io.h"

1 catastrophic error detected in the compilation of "../Practica4_PIH.c".
Compilation terminated.
>> Compilation failure
gmake: *** [Practica4_PIH.obj] Error 1
gmake: Target `all' not remade because of errors.

**** Build Finished ****

**** Build of configuration Debug for project Practica 4 ****

"C:\\ti\\ccsv6\\utils\\bin\\gmake" -k all 
'Building file: ../Practica4_PIH.c'
'Invoking: MSP430 Compiler'
"C:/ti/ccsv6/tools/compiler/ti-cgt-msp430_4.4.4/bin/cl430" -vmspx --abi=coffabi --data_model=restricted --include_path="C:/ti/ccsv6/ccs_base/msp430/include" --include_path="C:/ti/ccsv6/tools/compiler/ti-cgt-msp430_4.4.4/include" --advice:power=all -g --define=__MSP430F5438A__ --diag_warning=225 --display_error_number --diag_wrap=off --silicon_errata=CPU21 --silicon_errata=CPU22 --silicon_errata=CPU23 --silicon_errata=CPU40 --printf_support=minimal --preproc_with_compile --preproc_dependency="Practica4_PIH.pp"  "../Practica4_PIH.c"
"../Practica4_PIH.c", line 9: fatal error #1965: cannot open source file "avr/interrupt.h"
1 catastrophic error detected in the compilation of "../Practica4_PIH.c".
Compilation terminated.

>> Compilation failure
gmake: *** [Practica4_PIH.obj] Error 1
gmake: Target `all' not remade because of errors.

**** Build Finished ****

**** Build of configuration Debug for project Practica 4 ****

"C:\\ti\\ccsv6\\utils\\bin\\gmake" -k all 
'Building file: ../Practica4_PIH.c'
'Invoking: MSP430 Compiler'
"C:/ti/ccsv6/tools/compiler/ti-cgt-msp430_4.4.4/bin/cl430" -vmspx --abi=coffabi --data_model=restricted --include_path="C:/ti/ccsv6/ccs_base/msp430/include" --include_path="C:/ti/ccsv6/tools/compiler/ti-cgt-msp430_4.4.4/include" --advice:power=all -g --define=__MSP430F5438A__ --diag_warning=225 --display_error_number --diag_wrap=off --silicon_errata=CPU21 --silicon_errata=CPU22 --silicon_errata=CPU23 --silicon_errata=CPU40 --printf_support=minimal --preproc_with_compile --preproc_dependency="Practica4_PIH.pp"  "../Practica4_PIH.c"
"../Practica4_PIH.c", line 9: fatal error #1965: cannot open source file "avr/interrupt.h"
1 catastrophic error detected in the compilation of "../Practica4_PIH.c".
Compilation terminated.

>> Compilation failure
gmake: *** [Practica4_PIH.obj] Error 1
gmake: Target `all' not remade because of errors.

**** Build Finished ****
